0 info it worked if it ends with ok
1 verbose cli [ 'C:\\Program Files\\nodejs\\node.exe',
1 verbose cli   'C:\\Program Files\\nodejs\\node_modules\\npm\\bin\\npm-cli.js',
1 verbose cli   'run',
1 verbose cli   'lite' ]
2 info using npm@3.10.3
3 info using node@v6.5.0
4 verbose run-script [ 'prelite', 'lite', 'postlite' ]
5 info lifecycle quartzPOC@1.0.0~prelite: quartzPOC@1.0.0
6 silly lifecycle quartzPOC@1.0.0~prelite: no script for prelite, continuing
7 info lifecycle quartzPOC@1.0.0~lite: quartzPOC@1.0.0
8 verbose lifecycle quartzPOC@1.0.0~lite: unsafe-perm in lifecycle true
9 verbose lifecycle quartzPOC@1.0.0~lite: PATH: C:\Program Files\nodejs\node_modules\npm\bin\node-gyp-bin;C:\Users\kukapalv\WebstormProjects\QuartzPOC\node_modules\.bin;C:\Program Files\nodejs;C:\Program Files\nodejs\node_modules\npm\bin\node-gyp-bin;C:\Users\kukapalv\WebstormProjects\QuartzPOC\node_modules\.bin;C:\Program Files\nodejs;C:\ProgramData\Oracle\Java\javapath;C:\Program Files (x86)\RSA SecurID Token Common;C:\windows\system32;C:\windows;C:\windows\System32\Wbem;C:\Program Files (x86)\Microsoft Application Virtualization Client;C:\windows\System32\WindowsPowerShell\v1.0\;C:\Program Files\TortoiseSVN\bin;C:\Program Files (x86)\IBM\WebSphere MQ\bin;C:\Program Files (x86)\IBM\WebSphere MQ\tools\c\samples\bin;C:\Program Files\Git\cmd;C:\Program Files\nodejs\;C:\Program Files\Java\jdk1.7.0_65\bin;C:\Software\apache-maven-3.3.9-bin\apache-maven-3.3.9\bin;C:\Program Files (x86)\Microsoft VS Code\bin;C:\Users\kukapalv\AppData\Roaming\npm
10 verbose lifecycle quartzPOC@1.0.0~lite: CWD: C:\Users\kukapalv\WebstormProjects\QuartzPOC
11 silly lifecycle quartzPOC@1.0.0~lite: Args: [ '/d /s /c', 'lite-server' ]
12 silly lifecycle quartzPOC@1.0.0~lite: Returned: code: 3221225786  signal: null
13 info lifecycle quartzPOC@1.0.0~lite: Failed to exec lite script
14 verbose stack Error: quartzPOC@1.0.0 lite: `lite-server`
14 verbose stack Exit status 3221225786
14 verbose stack     at EventEmitter.<anonymous> (C:\Program Files\nodejs\node_modules\npm\lib\utils\lifecycle.js:242:16)
14 verbose stack     at emitTwo (events.js:106:13)
14 verbose stack     at EventEmitter.emit (events.js:191:7)
14 verbose stack     at ChildProcess.<anonymous> (C:\Program Files\nodejs\node_modules\npm\lib\utils\spawn.js:40:14)
14 verbose stack     at emitTwo (events.js:106:13)
14 verbose stack     at ChildProcess.emit (events.js:191:7)
14 verbose stack     at maybeClose (internal/child_process.js:877:16)
14 verbose stack     at Process.ChildProcess._handle.onexit (internal/child_process.js:226:5)
15 verbose pkgid quartzPOC@1.0.0
16 verbose cwd C:\Users\kukapalv\WebstormProjects\QuartzPOC
17 error Windows_NT 6.1.7601
18 error argv "C:\\Program Files\\nodejs\\node.exe" "C:\\Program Files\\nodejs\\node_modules\\npm\\bin\\npm-cli.js" "run" "lite"
19 error node v6.5.0
20 error npm  v3.10.3
21 error code ELIFECYCLE
22 error quartzPOC@1.0.0 lite: `lite-server`
22 error Exit status 3221225786
23 error Failed at the quartzPOC@1.0.0 lite script 'lite-server'.
23 error Make sure you have the latest version of node.js and npm installed.
23 error If you do, this is most likely a problem with the quartzPOC package,
23 error not with npm itself.
23 error Tell the author that this fails on your system:
23 error     lite-server
23 error You can get information on how to open an issue for this project with:
23 error     npm bugs quartzPOC
23 error Or if that isn't available, you can get their info via:
23 error     npm owner ls quartzPOC
23 error There is likely additional logging output above.
24 verbose exit [ 1, true ]
